<?xml version="1.0" encoding="UTF-8"?>
<coverage generated="1652108967952" clover="3.2.0">
  <project timestamp="1652108967953" name="All files">
    <metrics statements="27" coveredstatements="27" conditionals="6" coveredconditionals="6" methods="9" coveredmethods="9" elements="42" coveredelements="42" complexity="0" loc="27" ncloc="27" packages="1" files="1" classes="1"/>
    <file name="recommendationsService.ts" path="/media/fesak/Elements SE/Web Development/Driven/Módulo 6 - Arquitetura e Boas Práticas/Projetos/sing-me-a-song/back-end/src/services/recommendationsService.ts">
      <metrics statements="27" coveredstatements="27" conditionals="6" coveredconditionals="6" methods="9" coveredmethods="9"/>
      <line num="8" count="1" type="stmt"/>
      <line num="12" count="28" type="stmt"/>
      <line num="13" count="28" type="cond" truecount="1" falsecount="0"/>
      <line num="15" count="27" type="stmt"/>
      <line num="19" count="8" type="stmt"/>
      <line num="20" count="8" type="cond" truecount="1" falsecount="0"/>
      <line num="22" count="7" type="stmt"/>
      <line num="24" count="7" type="cond" truecount="1" falsecount="0"/>
      <line num="25" count="1" type="stmt"/>
      <line num="30" count="1" type="stmt"/>
      <line num="34" count="1" type="stmt"/>
      <line num="38" count="2" type="stmt"/>
      <line num="42" count="3" type="stmt"/>
      <line num="43" count="3" type="stmt"/>
      <line num="45" count="3" type="stmt"/>
      <line num="46" count="3" type="cond" truecount="1" falsecount="0"/>
      <line num="47" count="1" type="stmt"/>
      <line num="50" count="2" type="stmt"/>
      <line num="51" count="2" type="stmt"/>
      <line num="55" count="3" type="stmt"/>
      <line num="60" count="3" type="cond" truecount="1" falsecount="0"/>
      <line num="61" count="2" type="stmt"/>
      <line num="64" count="1" type="stmt"/>
      <line num="68" count="3" type="cond" truecount="1" falsecount="0"/>
      <line num="69" count="2" type="stmt"/>
      <line num="72" count="1" type="stmt"/>
      <line num="75" count="1" type="stmt"/>
    </file>
  </project>
</coverage>
