{"/media/fesak/Elements SE/Web Development/Driven/Módulo 6 - Arquitetura e Boas Práticas/Projetos/sing-me-a-song/back-end/src/services/recommendationsService.ts": {"path":"/media/fesak/Elements SE/Web Development/Driven/Módulo 6 - Arquitetura e Boas Práticas/Projetos/sing-me-a-song/back-end/src/services/recommendationsService.ts","statementMap":{"0":{"start":{"line":8,"column":2},"end":{"line":8,"column":66}},"1":{"start":{"line":12,"column":25},"end":{"line":12,"column":64}},"2":{"start":{"line":13,"column":2},"end":{"line":13,"column":45}},"3":{"start":{"line":13,"column":23},"end":{"line":13,"column":45}},"4":{"start":{"line":15,"column":2},"end":{"line":15,"column":62}},"5":{"start":{"line":19,"column":25},"end":{"line":19,"column":64}},"6":{"start":{"line":20,"column":2},"end":{"line":20,"column":45}},"7":{"start":{"line":20,"column":23},"end":{"line":20,"column":45}},"8":{"start":{"line":22,"column":2},"end":{"line":22,"column":62}},"9":{"start":{"line":24,"column":2},"end":{"line":26,"column":null}},"10":{"start":{"line":25,"column":4},"end":{"line":25,"column":46}},"11":{"start":{"line":30,"column":2},"end":{"line":30,"column":43}},"12":{"start":{"line":34,"column":2},"end":{"line":34,"column":44}},"13":{"start":{"line":38,"column":2},"end":{"line":38,"column":59}},"14":{"start":{"line":42,"column":17},"end":{"line":42,"column":30}},"15":{"start":{"line":43,"column":22},"end":{"line":43,"column":44}},"16":{"start":{"line":45,"column":26},"end":{"line":45,"column":55}},"17":{"start":{"line":46,"column":2},"end":{"line":48,"column":null}},"18":{"start":{"line":47,"column":4},"end":{"line":47,"column":26}},"19":{"start":{"line":50,"column":22},"end":{"line":50,"column":72}},"20":{"start":{"line":51,"column":2},"end":{"line":51,"column":38}},"21":{"start":{"line":55,"column":26},"end":{"line":58,"column":4}},"22":{"start":{"line":60,"column":2},"end":{"line":62,"column":null}},"23":{"start":{"line":61,"column":4},"end":{"line":61,"column":27}},"24":{"start":{"line":64,"column":2},"end":{"line":64,"column":44}},"25":{"start":{"line":68,"column":2},"end":{"line":70,"column":null}},"26":{"start":{"line":69,"column":4},"end":{"line":69,"column":16}},"27":{"start":{"line":72,"column":2},"end":{"line":72,"column":15}},"28":{"start":{"line":75,"column":37},"end":{"line":83,"column":2}}},"fnMap":{"0":{"name":"insert","decl":{"start":{"line":7,"column":15},"end":{"line":7,"column":21}},"loc":{"start":{"line":7,"column":72},"end":{"line":9,"column":null}}},"1":{"name":"upvote","decl":{"start":{"line":11,"column":15},"end":{"line":11,"column":21}},"loc":{"start":{"line":11,"column":32},"end":{"line":16,"column":null}}},"2":{"name":"downvote","decl":{"start":{"line":18,"column":15},"end":{"line":18,"column":23}},"loc":{"start":{"line":18,"column":34},"end":{"line":27,"column":null}}},"3":{"name":"getById","decl":{"start":{"line":29,"column":15},"end":{"line":29,"column":22}},"loc":{"start":{"line":29,"column":33},"end":{"line":31,"column":null}}},"4":{"name":"get","decl":{"start":{"line":33,"column":15},"end":{"line":33,"column":18}},"loc":{"start":{"line":33,"column":18},"end":{"line":35,"column":null}}},"5":{"name":"getTop","decl":{"start":{"line":37,"column":15},"end":{"line":37,"column":21}},"loc":{"start":{"line":37,"column":36},"end":{"line":39,"column":null}}},"6":{"name":"getRandom","decl":{"start":{"line":41,"column":15},"end":{"line":41,"column":24}},"loc":{"start":{"line":41,"column":24},"end":{"line":52,"column":null}}},"7":{"name":"getByScore","decl":{"start":{"line":54,"column":15},"end":{"line":54,"column":25}},"loc":{"start":{"line":54,"column":51},"end":{"line":65,"column":null}}},"8":{"name":"getScoreFilter","decl":{"start":{"line":67,"column":9},"end":{"line":67,"column":23}},"loc":{"start":{"line":67,"column":38},"end":{"line":73,"column":1}}}},"branchMap":{"0":{"loc":{"start":{"line":13,"column":2},"end":{"line":13,"column":45}},"type":"if","locations":[{"start":{"line":13,"column":2},"end":{"line":13,"column":45}}]},"1":{"loc":{"start":{"line":20,"column":2},"end":{"line":20,"column":45}},"type":"if","locations":[{"start":{"line":20,"column":2},"end":{"line":20,"column":45}}]},"2":{"loc":{"start":{"line":24,"column":2},"end":{"line":26,"column":null}},"type":"if","locations":[{"start":{"line":24,"column":2},"end":{"line":26,"column":null}}]},"3":{"loc":{"start":{"line":46,"column":2},"end":{"line":48,"column":null}},"type":"if","locations":[{"start":{"line":46,"column":2},"end":{"line":48,"column":null}}]},"4":{"loc":{"start":{"line":60,"column":2},"end":{"line":62,"column":null}},"type":"if","locations":[{"start":{"line":60,"column":2},"end":{"line":62,"column":null}}]},"5":{"loc":{"start":{"line":68,"column":2},"end":{"line":70,"column":null}},"type":"if","locations":[{"start":{"line":68,"column":2},"end":{"line":70,"column":null}}]}},"s":{"0":1,"1":28,"2":28,"3":1,"4":27,"5":8,"6":8,"7":1,"8":7,"9":7,"10":1,"11":1,"12":1,"13":2,"14":3,"15":3,"16":3,"17":3,"18":1,"19":2,"20":2,"21":3,"22":3,"23":2,"24":1,"25":3,"26":2,"27":1,"28":1},"f":{"0":1,"1":28,"2":8,"3":1,"4":1,"5":2,"6":3,"7":3,"8":3},"b":{"0":[1],"1":[1],"2":[1],"3":[1],"4":[2],"5":[2]}}
}
