TN:
SF:src/services/recommendationsService.ts
FN:7,insert
FN:11,upvote
FN:18,downvote
FN:29,getById
FN:33,get
FN:37,getTop
FN:41,getRandom
FN:54,getByScore
FN:67,getScoreFilter
FNF:9
FNH:9
FNDA:1,insert
FNDA:28,upvote
FNDA:8,downvote
FNDA:1,getById
FNDA:1,get
FNDA:2,getTop
FNDA:3,getRandom
FNDA:3,getByScore
FNDA:3,getScoreFilter
DA:8,1
DA:12,28
DA:13,28
DA:15,27
DA:19,8
DA:20,8
DA:22,7
DA:24,7
DA:25,1
DA:30,1
DA:34,1
DA:38,2
DA:42,3
DA:43,3
DA:45,3
DA:46,3
DA:47,1
DA:50,2
DA:51,2
DA:55,3
DA:60,3
DA:61,2
DA:64,1
DA:68,3
DA:69,2
DA:72,1
DA:75,1
LF:27
LH:27
BRDA:13,0,0,1
BRDA:20,1,0,1
BRDA:24,2,0,1
BRDA:46,3,0,1
BRDA:60,4,0,2
BRDA:68,5,0,2
BRF:6
BRH:6
end_of_record
